This file contains any messages produced by compilers while
running configure, to aid debugging if configure makes a mistake.

It was created by orc configure 0.4.17, which was
generated by GNU Autoconf 2.69.  Invocation command line was

  $ ./configure --disable-static

## --------- ##
## Platform. ##
## --------- ##

hostname = ns2
uname -m = i686
uname -r = 3.4.9-x86-smp
uname -s = Linux
uname -v = #1 SMP PREEMPT Sat Aug 18 16:18:05 SAST 2012

/usr/bin/uname -p = unknown
/bin/uname -X     = unknown

/bin/arch              = i686
/usr/bin/arch -k       = unknown
/usr/convex/getsysinfo = unknown
/usr/bin/hostinfo      = unknown
/bin/machine           = unknown
/usr/bin/oslevel       = unknown
/bin/universe          = unknown

PATH: /usr/lib/jvm/jdk-1.7.0_09//bin
PATH: /usr/local/sbin
PATH: /usr/sbin
PATH: /sbin
PATH: /usr/local/bin
PATH: /usr/bin
PATH: /bin
PATH: /usr/X11R7/bin
PATH: /opt/sophos/bin


## ----------- ##
## Core tests. ##
## ----------- ##

configure:2283: checking nano version
configure:2290: result: 0 (release)
configure:2334: checking build system type
configure:2348: result: i686-pc-linux-gnu
configure:2368: checking host system type
configure:2381: result: i686-pc-linux-gnu
configure:2417: checking for a BSD-compatible install
configure:2485: result: /usr/bin/ginstall -c
configure:2496: checking whether build environment is sane
configure:2551: result: yes
configure:2702: checking for a thread-safe mkdir -p
configure:2741: result: /usr/bin/mkdir -p
configure:2748: checking for gawk
configure:2764: found /usr/bin/gawk
configure:2775: result: gawk
configure:2786: checking whether make sets $(MAKE)
configure:2808: result: yes
configure:2837: checking whether make supports nested variables
configure:2854: result: yes
configure:3298: checking how to print strings
configure:3325: result: printf
configure:3358: checking for style of include used by make
configure:3386: result: GNU
configure:3457: checking for gcc
configure:3473: found /usr/bin/gcc
configure:3484: result: gcc
configure:3713: checking for C compiler version
configure:3722: gcc --version >&5
gcc (GCC) 4.8.1 20130530 (prerelease)
Copyright (C) 2013 Free Software Foundation, Inc.
This is free software; see the source for copying conditions.  There is NO
warranty; not even for MERCHANTABILITY or FITNESS FOR A PARTICULAR PURPOSE.

configure:3733: $? = 0
configure:3722: gcc -v >&5
Using built-in specs.
COLLECT_GCC=gcc
COLLECT_LTO_WRAPPER=/usr/libexec/gcc/i686-linux-gnu/4.8.1/lto-wrapper
Target: i686-linux-gnu
Configured with: ./../configure --prefix=/usr --sysconfdir=/etc/ --mandir=/usr/share/man --localstatedir=/var --infodir=/usr/share/info --libdir=/usr/lib --host=i686-linux-gnu --build=i686-linux-gnu --with-ecj-jar=/usr/share/java/ecj-3.5.2.jar --enable-lto --enable-cloog-backend=isl --enable-java-home --with-system-zlib --target=i686-linux-gnu --with-sysroot=/ --with-jvm-root-dir=/usr/lib/jvm/gcj-jdk --enable-languages=c,c++,fortran,java,lto,objc,obj-c++,go,ada
Thread model: posix
gcc version 4.8.1 20130530 (prerelease) (GCC) 
configure:3733: $? = 0
configure:3722: gcc -V >&5
gcc: error: unrecognized command line option '-V'
gcc: fatal error: no input files
compilation terminated.
configure:3733: $? = 1
configure:3722: gcc -qversion >&5
gcc: error: unrecognized command line option '-qversion'
gcc: fatal error: no input files
compilation terminated.
configure:3733: $? = 1
configure:3753: checking whether the C compiler works
configure:3775: gcc    conftest.c  >&5
configure:3779: $? = 0
configure:3827: result: yes
configure:3830: checking for C compiler default output file name
configure:3832: result: a.out
configure:3838: checking for suffix of executables
configure:3845: gcc -o conftest    conftest.c  >&5
configure:3849: $? = 0
configure:3871: result: 
configure:3893: checking whether we are cross compiling
configure:3901: gcc -o conftest    conftest.c  >&5
configure:3905: $? = 0
configure:3912: ./conftest
configure:3916: $? = 0
configure:3931: result: no
configure:3936: checking for suffix of object files
configure:3958: gcc -c   conftest.c >&5
configure:3962: $? = 0
configure:3983: result: o
configure:3987: checking whether we are using the GNU C compiler
configure:4006: gcc -c   conftest.c >&5
configure:4006: $? = 0
configure:4015: result: yes
configure:4024: checking whether gcc accepts -g
configure:4044: gcc -c -g  conftest.c >&5
configure:4044: $? = 0
configure:4085: result: yes
configure:4102: checking for gcc option to accept ISO C89
configure:4165: gcc  -c -g -O2  conftest.c >&5
configure:4165: $? = 0
configure:4178: result: none needed
configure:4200: checking dependency style of gcc
configure:4311: result: gcc3
configure:4326: checking for a sed that does not truncate output
configure:4390: result: /usr/bin/sed
configure:4408: checking for grep that handles long lines and -e
configure:4466: result: /usr/bin/grep
configure:4471: checking for egrep
configure:4533: result: /usr/bin/grep -E
configure:4538: checking for fgrep
configure:4600: result: /usr/bin/grep -F
configure:4635: checking for ld used by gcc
configure:4702: result: /usr/i686-linux-gnu/bin/ld
configure:4709: checking if the linker (/usr/i686-linux-gnu/bin/ld) is GNU ld
configure:4724: result: yes
configure:4736: checking for BSD- or MS-compatible name lister (nm)
configure:4785: result: /usr/bin/nm -B
configure:4915: checking the name lister (/usr/bin/nm -B) interface
configure:4922: gcc -c -g -O2  conftest.c >&5
configure:4925: /usr/bin/nm -B "conftest.o"
configure:4928: output
00000000 B some_variable
configure:4935: result: BSD nm
configure:4938: checking whether ln -s works
configure:4942: result: yes
configure:4950: checking the maximum length of command line arguments
configure:5080: result: 1572864
configure:5097: checking whether the shell understands some XSI constructs
configure:5107: result: yes
configure:5111: checking whether the shell understands "+="
configure:5117: result: yes
configure:5152: checking how to convert i686-pc-linux-gnu file names to i686-pc-linux-gnu format
configure:5192: result: func_convert_file_noop
configure:5199: checking how to convert i686-pc-linux-gnu file names to toolchain format
configure:5219: result: func_convert_file_noop
configure:5226: checking for /usr/i686-linux-gnu/bin/ld option to reload object files
configure:5233: result: -r
configure:5307: checking for objdump
configure:5334: result: objdump
configure:5363: checking how to recognize dependent libraries
configure:5565: result: pass_all
configure:5650: checking for dlltool
configure:5677: result: dlltool
configure:5707: checking how to associate runtime and link libraries
configure:5734: result: printf %s\n
configure:5795: checking for ar
configure:5811: found /usr/bin/ar
configure:5822: result: ar
configure:5859: checking for archiver @FILE support
configure:5876: gcc -c -g -O2  conftest.c >&5
configure:5876: $? = 0
configure:5879: ar cru libconftest.a @conftest.lst >&5
configure:5882: $? = 0
configure:5887: ar cru libconftest.a @conftest.lst >&5
ar: conftest.o: No such file or directory
configure:5890: $? = 1
configure:5902: result: @
configure:5960: checking for strip
configure:5976: found /usr/bin/strip
configure:5987: result: strip
configure:6059: checking for ranlib
configure:6075: found /usr/bin/ranlib
configure:6086: result: ranlib
configure:6188: checking command to parse /usr/bin/nm -B output from gcc object
configure:6308: gcc -c -g -O2  conftest.c >&5
configure:6311: $? = 0
configure:6315: /usr/bin/nm -B conftest.o \| sed -n -e 's/^.*[ ]\([ABCDGIRSTW][ABCDGIRSTW]*\)[ ][ ]*\([_A-Za-z][_A-Za-z0-9]*\)$/\1 \2 \2/p' | sed '/ __gnu_lto/d' \> conftest.nm
configure:6318: $? = 0
configure:6384: gcc -o conftest -g -O2   conftest.c conftstm.o >&5
configure:6387: $? = 0
configure:6425: result: ok
configure:6462: checking for sysroot
configure:6492: result: no
configure:6748: checking for mt
configure:6764: found /usr/bin/mt
configure:6775: result: mt
configure:6798: checking if mt is a manifest tool
configure:6804: mt '-?'
usage: mt [-v] [--version] [-h] [ -f device ] command [ count ]
configure:6812: result: no
configure:7454: checking how to run the C preprocessor
configure:7485: gcc -E  conftest.c
configure:7485: $? = 0
configure:7499: gcc -E  conftest.c
conftest.c:11:28: fatal error: ac_nonexistent.h: No such file or directory
 #include <ac_nonexistent.h>
                            ^
compilation terminated.
configure:7499: $? = 1
configure: failed program was:
| /* confdefs.h */
| #define PACKAGE_NAME "orc"
| #define PACKAGE_TARNAME "orc"
| #define PACKAGE_VERSION "0.4.17"
| #define PACKAGE_STRING "orc 0.4.17"
| #define PACKAGE_BUGREPORT ""
| #define PACKAGE_URL ""
| #define PACKAGE "orc"
| #define VERSION "0.4.17"
| /* end confdefs.h.  */
| #include <ac_nonexistent.h>
configure:7524: result: gcc -E
configure:7544: gcc -E  conftest.c
configure:7544: $? = 0
configure:7558: gcc -E  conftest.c
conftest.c:11:28: fatal error: ac_nonexistent.h: No such file or directory
 #include <ac_nonexistent.h>
                            ^
compilation terminated.
configure:7558: $? = 1
configure: failed program was:
| /* confdefs.h */
| #define PACKAGE_NAME "orc"
| #define PACKAGE_TARNAME "orc"
| #define PACKAGE_VERSION "0.4.17"
| #define PACKAGE_STRING "orc 0.4.17"
| #define PACKAGE_BUGREPORT ""
| #define PACKAGE_URL ""
| #define PACKAGE "orc"
| #define VERSION "0.4.17"
| /* end confdefs.h.  */
| #include <ac_nonexistent.h>
configure:7587: checking for ANSI C header files
configure:7607: gcc -c -g -O2  conftest.c >&5
configure:7607: $? = 0
configure:7680: gcc -o conftest -g -O2   conftest.c  >&5
configure:7680: $? = 0
configure:7680: ./conftest
configure:7680: $? = 0
configure:7691: result: yes
configure:7704: checking for sys/types.h
configure:7704: gcc -c -g -O2  conftest.c >&5
configure:7704: $? = 0
configure:7704: result: yes
configure:7704: checking for sys/stat.h
configure:7704: gcc -c -g -O2  conftest.c >&5
configure:7704: $? = 0
configure:7704: result: yes
configure:7704: checking for stdlib.h
configure:7704: gcc -c -g -O2  conftest.c >&5
configure:7704: $? = 0
configure:7704: result: yes
configure:7704: checking for string.h
configure:7704: gcc -c -g -O2  conftest.c >&5
configure:7704: $? = 0
configure:7704: result: yes
configure:7704: checking for memory.h
configure:7704: gcc -c -g -O2  conftest.c >&5
configure:7704: $? = 0
configure:7704: result: yes
configure:7704: checking for strings.h
configure:7704: gcc -c -g -O2  conftest.c >&5
configure:7704: $? = 0
configure:7704: result: yes
configure:7704: checking for inttypes.h
configure:7704: gcc -c -g -O2  conftest.c >&5
configure:7704: $? = 0
configure:7704: result: yes
configure:7704: checking for stdint.h
configure:7704: gcc -c -g -O2  conftest.c >&5
configure:7704: $? = 0
configure:7704: result: yes
configure:7704: checking for unistd.h
configure:7704: gcc -c -g -O2  conftest.c >&5
configure:7704: $? = 0
configure:7704: result: yes
configure:7718: checking for dlfcn.h
configure:7718: gcc -c -g -O2  conftest.c >&5
configure:7718: $? = 0
configure:7718: result: yes
configure:7922: checking for objdir
configure:7937: result: .libs
configure:8208: checking if gcc supports -fno-rtti -fno-exceptions
configure:8226: gcc -c -g -O2  -fno-rtti -fno-exceptions conftest.c >&5
cc1: warning: command line option '-fno-rtti' is valid for C++/ObjC++ but not for C [enabled by default]
configure:8230: $? = 0
configure:8243: result: no
configure:8570: checking for gcc option to produce PIC
configure:8577: result: -fPIC -DPIC
configure:8585: checking if gcc PIC flag -fPIC -DPIC works
configure:8603: gcc -c -g -O2  -fPIC -DPIC -DPIC conftest.c >&5
configure:8607: $? = 0
configure:8620: result: yes
configure:8649: checking if gcc static flag -static works
configure:8677: result: yes
configure:8692: checking if gcc supports -c -o file.o
configure:8713: gcc -c -g -O2  -o out/conftest2.o conftest.c >&5
configure:8717: $? = 0
configure:8739: result: yes
configure:8747: checking if gcc supports -c -o file.o
configure:8794: result: yes
configure:8827: checking whether the gcc linker (/usr/i686-linux-gnu/bin/ld) supports shared libraries
configure:9980: result: yes
configure:10017: checking whether -lc should be explicitly linked in
configure:10025: gcc -c -g -O2  conftest.c >&5
configure:10028: $? = 0
configure:10043: gcc -shared  -fPIC -DPIC conftest.o  -v -Wl,-soname -Wl,conftest -o conftest 2\>\&1 \| /usr/bin/grep  -lc  \>/dev/null 2\>\&1
configure:10046: $? = 0
configure:10060: result: no
configure:10220: checking dynamic linker characteristics
configure:10731: gcc -o conftest -g -O2   -Wl,-rpath -Wl,/foo conftest.c  >&5
configure:10731: $? = 0
configure:10953: result: GNU/Linux ld.so
configure:11060: checking how to hardcode library paths into programs
configure:11085: result: immediate
configure:11625: checking whether stripping libraries is possible
configure:11630: result: yes
configure:11665: checking if libtool supports shared libraries
configure:11667: result: yes
configure:11670: checking whether to build shared libraries
configure:11691: result: yes
configure:11694: checking whether to build static libraries
configure:11698: result: no
configure:11736: checking whether gcc and cc understand -c and -o together
configure:11767: gcc -c conftest.c -o conftest2.o >&5
configure:11771: $? = 0
configure:11777: gcc -c conftest.c -o conftest2.o >&5
configure:11781: $? = 0
configure:11792: cc -c conftest.c >&5
configure:11796: $? = 0
configure:11804: cc -c conftest.c -o conftest2.o >&5
configure:11808: $? = 0
configure:11814: cc -c conftest.c -o conftest2.o >&5
configure:11818: $? = 0
configure:11836: result: yes
configure:11870: checking dependency style of gcc
configure:11979: result: gcc3
configure:12011: checking for posix_memalign
configure:12011: gcc -o conftest -g -O2   conftest.c  >&5
configure:12011: $? = 0
configure:12011: result: yes
configure:12077: checking for pkg-config
configure:12095: found /usr/bin/pkg-config
configure:12107: result: /usr/bin/pkg-config
configure:12132: checking pkg-config is at least version 0.9.0
configure:12135: result: yes
configure:12148: checking for gtkdoc-check
configure:12166: found /usr/bin/gtkdoc-check
configure:12178: result: /usr/bin/gtkdoc-check
configure:12190: checking for gtkdoc-rebase
configure:12208: found /usr/bin/gtkdoc-rebase
configure:12220: result: /usr/bin/gtkdoc-rebase
configure:12234: checking for gtkdoc-mkpdf
configure:12252: found /usr/bin/gtkdoc-mkpdf
configure:12264: result: /usr/bin/gtkdoc-mkpdf
configure:12305: checking whether to build gtk-doc documentation
configure:12307: result: no
configure:12481: checking whether byte ordering is bigendian
configure:12496: gcc -c -g -O2  conftest.c >&5
conftest.c:27:9: error: unknown type name 'not'
         not a universal capable compiler
         ^
conftest.c:27:15: error: expected '=', ',', ';', 'asm' or '__attribute__' before 'universal'
         not a universal capable compiler
               ^
conftest.c:27:15: error: unknown type name 'universal'
configure:12496: $? = 1
configure: failed program was:
| /* confdefs.h */
| #define PACKAGE_NAME "orc"
| #define PACKAGE_TARNAME "orc"
| #define PACKAGE_VERSION "0.4.17"
| #define PACKAGE_STRING "orc 0.4.17"
| #define PACKAGE_BUGREPORT ""
| #define PACKAGE_URL ""
| #define PACKAGE "orc"
| #define VERSION "0.4.17"
| #define STDC_HEADERS 1
| #define HAVE_SYS_TYPES_H 1
| #define HAVE_SYS_STAT_H 1
| #define HAVE_STDLIB_H 1
| #define HAVE_STRING_H 1
| #define HAVE_MEMORY_H 1
| #define HAVE_STRINGS_H 1
| #define HAVE_INTTYPES_H 1
| #define HAVE_STDINT_H 1
| #define HAVE_UNISTD_H 1
| #define HAVE_DLFCN_H 1
| #define LT_OBJDIR ".libs/"
| #define HAVE_POSIX_MEMALIGN 1
| #define HAVE_I386 1
| #define HAVE_OS_LINUX 1
| /* end confdefs.h.  */
| #ifndef __APPLE_CC__
| 	       not a universal capable compiler
| 	     #endif
| 	     typedef int dummy;
| 
configure:12541: gcc -c -g -O2  conftest.c >&5
configure:12541: $? = 0
configure:12559: gcc -c -g -O2  conftest.c >&5
conftest.c: In function 'main':
conftest.c:33:4: error: unknown type name 'not'
    not big endian
    ^
conftest.c:33:12: error: expected '=', ',', ';', 'asm' or '__attribute__' before 'endian'
    not big endian
            ^
configure:12559: $? = 1
configure: failed program was:
| /* confdefs.h */
| #define PACKAGE_NAME "orc"
| #define PACKAGE_TARNAME "orc"
| #define PACKAGE_VERSION "0.4.17"
| #define PACKAGE_STRING "orc 0.4.17"
| #define PACKAGE_BUGREPORT ""
| #define PACKAGE_URL ""
| #define PACKAGE "orc"
| #define VERSION "0.4.17"
| #define STDC_HEADERS 1
| #define HAVE_SYS_TYPES_H 1
| #define HAVE_SYS_STAT_H 1
| #define HAVE_STDLIB_H 1
| #define HAVE_STRING_H 1
| #define HAVE_MEMORY_H 1
| #define HAVE_STRINGS_H 1
| #define HAVE_INTTYPES_H 1
| #define HAVE_STDINT_H 1
| #define HAVE_UNISTD_H 1
| #define HAVE_DLFCN_H 1
| #define LT_OBJDIR ".libs/"
| #define HAVE_POSIX_MEMALIGN 1
| #define HAVE_I386 1
| #define HAVE_OS_LINUX 1
| /* end confdefs.h.  */
| #include <sys/types.h>
| 		#include <sys/param.h>
| 
| int
| main ()
| {
| #if BYTE_ORDER != BIG_ENDIAN
| 		 not big endian
| 		#endif
| 
|   ;
|   return 0;
| }
configure:12687: result: no
configure:12712: checking for stdlib.h
configure:12712: result: yes
configure:12712: checking for unistd.h
configure:12712: result: yes
configure:12712: checking for sys/param.h
configure:12712: gcc -c -g -O2  conftest.c >&5
configure:12712: $? = 0
configure:12712: result: yes
configure:12732: checking for getpagesize
configure:12732: gcc -o conftest -g -O2   conftest.c  >&5
configure:12732: $? = 0
configure:12732: result: yes
configure:12741: checking for working mmap
configure:12888: gcc -o conftest -g -O2   conftest.c  >&5
configure:12888: $? = 0
configure:12888: ./conftest
configure:12888: $? = 0
configure:12898: result: yes
configure:12910: checking for inttypes.h
configure:12910: result: yes
configure:12922: checking sys/time.h usability
configure:12922: gcc -c -g -O2  conftest.c >&5
configure:12922: $? = 0
configure:12922: result: yes
configure:12922: checking sys/time.h presence
configure:12922: gcc -E  conftest.c
configure:12922: $? = 0
configure:12922: result: yes
configure:12922: checking for sys/time.h
configure:12922: result: yes
configure:12934: checking for unistd.h
configure:12934: result: yes
configure:12947: checking for gettimeofday
configure:12947: gcc -o conftest -g -O2   conftest.c  >&5
configure:12947: $? = 0
configure:12947: result: yes
configure:12958: checking for sigaction
configure:12958: gcc -o conftest -g -O2   conftest.c  >&5
configure:12958: $? = 0
configure:12958: result: yes
configure:12969: checking for sigsetjmp
configure:12969: gcc -o conftest -g -O2   conftest.c  >&5
/tmp/ccJ2O246.o: In function `main':
/usr/src/orc/orc/conftest.c:70: undefined reference to `sigsetjmp'
collect2: error: ld returned 1 exit status
configure:12969: $? = 1
configure: failed program was:
| /* confdefs.h */
| #define PACKAGE_NAME "orc"
| #define PACKAGE_TARNAME "orc"
| #define PACKAGE_VERSION "0.4.17"
| #define PACKAGE_STRING "orc 0.4.17"
| #define PACKAGE_BUGREPORT ""
| #define PACKAGE_URL ""
| #define PACKAGE "orc"
| #define VERSION "0.4.17"
| #define STDC_HEADERS 1
| #define HAVE_SYS_TYPES_H 1
| #define HAVE_SYS_STAT_H 1
| #define HAVE_STDLIB_H 1
| #define HAVE_STRING_H 1
| #define HAVE_MEMORY_H 1
| #define HAVE_STRINGS_H 1
| #define HAVE_INTTYPES_H 1
| #define HAVE_STDINT_H 1
| #define HAVE_UNISTD_H 1
| #define HAVE_DLFCN_H 1
| #define LT_OBJDIR ".libs/"
| #define HAVE_POSIX_MEMALIGN 1
| #define HAVE_I386 1
| #define HAVE_OS_LINUX 1
| #define HAVE_STDLIB_H 1
| #define HAVE_UNISTD_H 1
| #define HAVE_SYS_PARAM_H 1
| #define HAVE_GETPAGESIZE 1
| #define HAVE_MMAP 1
| #define HAVE_INTTYPES_H 1
| #define HAVE_SYS_TIME_H 1
| #define HAVE_UNISTD_H 1
| #define HAVE_GETTIMEOFDAY 1
| #define HAVE_SIGACTION 1
| /* end confdefs.h.  */
| /* Define sigsetjmp to an innocuous variant, in case <limits.h> declares sigsetjmp.
|    For example, HP-UX 11i <limits.h> declares gettimeofday.  */
| #define sigsetjmp innocuous_sigsetjmp
| 
| /* System header to define __stub macros and hopefully few prototypes,
|     which can conflict with char sigsetjmp (); below.
|     Prefer <limits.h> to <assert.h> if __STDC__ is defined, since
|     <limits.h> exists even on freestanding compilers.  */
| 
| #ifdef __STDC__
| # include <limits.h>
| #else
| # include <assert.h>
| #endif
| 
| #undef sigsetjmp
| 
| /* Override any GCC internal prototype to avoid an error.
|    Use char because int might match the return type of a GCC
|    builtin and then its argument prototype would still apply.  */
| #ifdef __cplusplus
| extern "C"
| #endif
| char sigsetjmp ();
| /* The GNU C library defines this for functions which it implements
|     to always fail with ENOSYS.  Some functions are actually named
|     something starting with __ and the normal name is an alias.  */
| #if defined __stub_sigsetjmp || defined __stub___sigsetjmp
| choke me
| #endif
| 
| int
| main ()
| {
| return sigsetjmp ();
|   ;
|   return 0;
| }
configure:12969: result: no
configure:13067: checking for cos in -lm
configure:13092: gcc -o conftest -g -O2   conftest.c -lm   >&5
conftest.c:43:6: warning: conflicting types for built-in function 'cos' [enabled by default]
 char cos ();
      ^
configure:13092: $? = 0
configure:13101: result: yes
configure:13113: checking for clock_gettime in -lrt
configure:13138: gcc -o conftest -g -O2   conftest.c -lrt   >&5
configure:13138: $? = 0
configure:13147: result: yes
configure:13159: checking for monotonic clocks
configure:13177: gcc -c -g -O2  conftest.c >&5
configure:13177: $? = 0
configure:13184: result: yes
configure:13194: checking valgrind/valgrind.h usability
configure:13194: gcc -c -g -O2  conftest.c >&5
conftest.c:71:31: fatal error: valgrind/valgrind.h: No such file or directory
 #include <valgrind/valgrind.h>
                               ^
compilation terminated.
configure:13194: $? = 1
configure: failed program was:
| /* confdefs.h */
| #define PACKAGE_NAME "orc"
| #define PACKAGE_TARNAME "orc"
| #define PACKAGE_VERSION "0.4.17"
| #define PACKAGE_STRING "orc 0.4.17"
| #define PACKAGE_BUGREPORT ""
| #define PACKAGE_URL ""
| #define PACKAGE "orc"
| #define VERSION "0.4.17"
| #define STDC_HEADERS 1
| #define HAVE_SYS_TYPES_H 1
| #define HAVE_SYS_STAT_H 1
| #define HAVE_STDLIB_H 1
| #define HAVE_STRING_H 1
| #define HAVE_MEMORY_H 1
| #define HAVE_STRINGS_H 1
| #define HAVE_INTTYPES_H 1
| #define HAVE_STDINT_H 1
| #define HAVE_UNISTD_H 1
| #define HAVE_DLFCN_H 1
| #define LT_OBJDIR ".libs/"
| #define HAVE_POSIX_MEMALIGN 1
| #define HAVE_I386 1
| #define HAVE_OS_LINUX 1
| #define HAVE_STDLIB_H 1
| #define HAVE_UNISTD_H 1
| #define HAVE_SYS_PARAM_H 1
| #define HAVE_GETPAGESIZE 1
| #define HAVE_MMAP 1
| #define HAVE_INTTYPES_H 1
| #define HAVE_SYS_TIME_H 1
| #define HAVE_UNISTD_H 1
| #define HAVE_GETTIMEOFDAY 1
| #define HAVE_SIGACTION 1
| #define HAVE_CLOCK_GETTIME 1
| #define HAVE_MONOTONIC_CLOCK 1
| /* end confdefs.h.  */
| #include <stdio.h>
| #ifdef HAVE_SYS_TYPES_H
| # include <sys/types.h>
| #endif
| #ifdef HAVE_SYS_STAT_H
| # include <sys/stat.h>
| #endif
| #ifdef STDC_HEADERS
| # include <stdlib.h>
| # include <stddef.h>
| #else
| # ifdef HAVE_STDLIB_H
| #  include <stdlib.h>
| # endif
| #endif
| #ifdef HAVE_STRING_H
| # if !defined STDC_HEADERS && defined HAVE_MEMORY_H
| #  include <memory.h>
| # endif
| # include <string.h>
| #endif
| #ifdef HAVE_STRINGS_H
| # include <strings.h>
| #endif
| #ifdef HAVE_INTTYPES_H
| # include <inttypes.h>
| #endif
| #ifdef HAVE_STDINT_H
| # include <stdint.h>
| #endif
| #ifdef HAVE_UNISTD_H
| # include <unistd.h>
| #endif
| #include <valgrind/valgrind.h>
configure:13194: result: no
configure:13194: checking valgrind/valgrind.h presence
configure:13194: gcc -E  conftest.c
conftest.c:38:31: fatal error: valgrind/valgrind.h: No such file or directory
 #include <valgrind/valgrind.h>
                               ^
compilation terminated.
configure:13194: $? = 1
configure: failed program was:
| /* confdefs.h */
| #define PACKAGE_NAME "orc"
| #define PACKAGE_TARNAME "orc"
| #define PACKAGE_VERSION "0.4.17"
| #define PACKAGE_STRING "orc 0.4.17"
| #define PACKAGE_BUGREPORT ""
| #define PACKAGE_URL ""
| #define PACKAGE "orc"
| #define VERSION "0.4.17"
| #define STDC_HEADERS 1
| #define HAVE_SYS_TYPES_H 1
| #define HAVE_SYS_STAT_H 1
| #define HAVE_STDLIB_H 1
| #define HAVE_STRING_H 1
| #define HAVE_MEMORY_H 1
| #define HAVE_STRINGS_H 1
| #define HAVE_INTTYPES_H 1
| #define HAVE_STDINT_H 1
| #define HAVE_UNISTD_H 1
| #define HAVE_DLFCN_H 1
| #define LT_OBJDIR ".libs/"
| #define HAVE_POSIX_MEMALIGN 1
| #define HAVE_I386 1
| #define HAVE_OS_LINUX 1
| #define HAVE_STDLIB_H 1
| #define HAVE_UNISTD_H 1
| #define HAVE_SYS_PARAM_H 1
| #define HAVE_GETPAGESIZE 1
| #define HAVE_MMAP 1
| #define HAVE_INTTYPES_H 1
| #define HAVE_SYS_TIME_H 1
| #define HAVE_UNISTD_H 1
| #define HAVE_GETTIMEOFDAY 1
| #define HAVE_SIGACTION 1
| #define HAVE_CLOCK_GETTIME 1
| #define HAVE_MONOTONIC_CLOCK 1
| /* end confdefs.h.  */
| #include <valgrind/valgrind.h>
configure:13194: result: no
configure:13194: checking for valgrind/valgrind.h
configure:13194: result: no
configure:13206: checking to see if compiler understands -Wall
configure:13223: gcc -c -g -O2 -Wall  conftest.c >&5
configure:13223: $? = 0
configure:13238: result: yes
configure:13582: checking that generated files are newer than configure
configure:13588: result: done
configure:13696: creating ./config.status

## ---------------------- ##
## Running config.status. ##
## ---------------------- ##

This file was extended by orc config.status 0.4.17, which was
generated by GNU Autoconf 2.69.  Invocation command line was

  CONFIG_FILES    = 
  CONFIG_HEADERS  = 
  CONFIG_LINKS    = 
  CONFIG_COMMANDS = 
  $ ./config.status 

on ns2

config.status:1179: creating Makefile
config.status:1179: creating doc/Makefile
config.status:1179: creating doc/version.entities
config.status:1179: creating orc/Makefile
config.status:1179: creating orc-test/Makefile
config.status:1179: creating testsuite/Makefile
config.status:1179: creating testsuite/orcc/Makefile
config.status:1179: creating testsuite/benchmorc/Makefile
config.status:1179: creating examples/Makefile
config.status:1179: creating tools/Makefile
config.status:1179: creating orc-uninstalled.pc
config.status:1179: creating orc.pc
config.status:1179: creating config.h
config.status:1408: executing depfiles commands
config.status:1408: executing libtool commands

## ---------------- ##
## Cache variables. ##
## ---------------- ##

ac_cv_build=i686-pc-linux-gnu
ac_cv_c_bigendian=no
ac_cv_c_compiler_gnu=yes
ac_cv_env_CCASFLAGS_set=
ac_cv_env_CCASFLAGS_value=
ac_cv_env_CCAS_set=
ac_cv_env_CCAS_value=
ac_cv_env_CC_set=
ac_cv_env_CC_value=
ac_cv_env_CFLAGS_set=
ac_cv_env_CFLAGS_value=
ac_cv_env_CPPFLAGS_set=
ac_cv_env_CPPFLAGS_value=
ac_cv_env_CPP_set=
ac_cv_env_CPP_value=
ac_cv_env_LDFLAGS_set=
ac_cv_env_LDFLAGS_value=
ac_cv_env_LIBS_set=
ac_cv_env_LIBS_value=
ac_cv_env_PKG_CONFIG_set=
ac_cv_env_PKG_CONFIG_value=
ac_cv_env_build_alias_set=
ac_cv_env_build_alias_value=
ac_cv_env_host_alias_set=
ac_cv_env_host_alias_value=
ac_cv_env_target_alias_set=
ac_cv_env_target_alias_value=
ac_cv_func_getpagesize=yes
ac_cv_func_gettimeofday=yes
ac_cv_func_mmap_fixed_mapped=yes
ac_cv_func_posix_memalign=yes
ac_cv_func_sigaction=yes
ac_cv_func_sigsetjmp=no
ac_cv_header_dlfcn_h=yes
ac_cv_header_inttypes_h=yes
ac_cv_header_memory_h=yes
ac_cv_header_stdc=yes
ac_cv_header_stdint_h=yes
ac_cv_header_stdlib_h=yes
ac_cv_header_string_h=yes
ac_cv_header_strings_h=yes
ac_cv_header_sys_param_h=yes
ac_cv_header_sys_stat_h=yes
ac_cv_header_sys_time_h=yes
ac_cv_header_sys_types_h=yes
ac_cv_header_unistd_h=yes
ac_cv_header_valgrind_valgrind_h=no
ac_cv_host=i686-pc-linux-gnu
ac_cv_lib_m_cos=yes
ac_cv_lib_rt_clock_gettime=yes
ac_cv_objext=o
ac_cv_path_EGREP='/usr/bin/grep -E'
ac_cv_path_FGREP='/usr/bin/grep -F'
ac_cv_path_GREP=/usr/bin/grep
ac_cv_path_GTKDOC_CHECK=/usr/bin/gtkdoc-check
ac_cv_path_GTKDOC_MKPDF=/usr/bin/gtkdoc-mkpdf
ac_cv_path_GTKDOC_REBASE=/usr/bin/gtkdoc-rebase
ac_cv_path_SED=/usr/bin/sed
ac_cv_path_ac_pt_PKG_CONFIG=/usr/bin/pkg-config
ac_cv_path_install='/usr/bin/ginstall -c'
ac_cv_path_mkdir=/usr/bin/mkdir
ac_cv_prog_AWK=gawk
ac_cv_prog_CPP='gcc -E'
ac_cv_prog_ac_ct_AR=ar
ac_cv_prog_ac_ct_CC=gcc
ac_cv_prog_ac_ct_DLLTOOL=dlltool
ac_cv_prog_ac_ct_MANIFEST_TOOL=mt
ac_cv_prog_ac_ct_OBJDUMP=objdump
ac_cv_prog_ac_ct_RANLIB=ranlib
ac_cv_prog_ac_ct_STRIP=strip
ac_cv_prog_cc_c89=
ac_cv_prog_cc_g=yes
ac_cv_prog_cc_gcc_c_o=yes
ac_cv_prog_make_make_set=yes
am_cv_CCAS_dependencies_compiler_type=gcc3
am_cv_CC_dependencies_compiler_type=gcc3
am_cv_make_support_nested_variables=yes
lt_cv_ar_at_file=@
lt_cv_archive_cmds_need_lc=no
lt_cv_deplibs_check_method=pass_all
lt_cv_file_magic_cmd='$MAGIC_CMD'
lt_cv_file_magic_test_file=
lt_cv_ld_reload_flag=-r
lt_cv_nm_interface='BSD nm'
lt_cv_objdir=.libs
lt_cv_path_LD=/usr/i686-linux-gnu/bin/ld
lt_cv_path_NM='/usr/bin/nm -B'
lt_cv_path_mainfest_tool=no
lt_cv_prog_compiler_c_o=yes
lt_cv_prog_compiler_pic='-fPIC -DPIC'
lt_cv_prog_compiler_pic_works=yes
lt_cv_prog_compiler_rtti_exceptions=no
lt_cv_prog_compiler_static_works=yes
lt_cv_prog_gnu_ld=yes
lt_cv_sharedlib_from_linklib_cmd='printf %s\n'
lt_cv_shlibpath_overrides_runpath=no
lt_cv_sys_global_symbol_pipe='sed -n -e '\''s/^.*[	 ]\([ABCDGIRSTW][ABCDGIRSTW]*\)[	 ][	 ]*\([_A-Za-z][_A-Za-z0-9]*\)$/\1 \2 \2/p'\'' | sed '\''/ __gnu_lto/d'\'''
lt_cv_sys_global_symbol_to_c_name_address='sed -n -e '\''s/^: \([^ ]*\)[ ]*$/  {\"\1\", (void *) 0},/p'\'' -e '\''s/^[ABCDGIRSTW]* \([^ ]*\) \([^ ]*\)$/  {"\2", (void *) \&\2},/p'\'''
lt_cv_sys_global_symbol_to_c_name_address_lib_prefix='sed -n -e '\''s/^: \([^ ]*\)[ ]*$/  {\"\1\", (void *) 0},/p'\'' -e '\''s/^[ABCDGIRSTW]* \([^ ]*\) \(lib[^ ]*\)$/  {"\2", (void *) \&\2},/p'\'' -e '\''s/^[ABCDGIRSTW]* \([^ ]*\) \([^ ]*\)$/  {"lib\2", (void *) \&\2},/p'\'''
lt_cv_sys_global_symbol_to_cdecl='sed -n -e '\''s/^T .* \(.*\)$/extern int \1();/p'\'' -e '\''s/^[ABCDGIRSTW]* .* \(.*\)$/extern char \1;/p'\'''
lt_cv_sys_max_cmd_len=1572864
lt_cv_to_host_file_cmd=func_convert_file_noop
lt_cv_to_tool_file_cmd=func_convert_file_noop
orc_cv_monotonic_clock=yes

## ----------------- ##
## Output variables. ##
## ----------------- ##

ACLOCAL='${SHELL} /usr/src/orc/orc/missing aclocal-1.13'
ACLOCAL_AMFLAGS='-I m4 '
AMDEPBACKSLASH='\'
AMDEP_FALSE='#'
AMDEP_TRUE=''
AMTAR='$${TAR-tar}'
AM_BACKSLASH='\'
AM_DEFAULT_V='$(AM_DEFAULT_VERBOSITY)'
AM_DEFAULT_VERBOSITY='1'
AM_V='$(V)'
AR='ar'
AS='as'
AUTOCONF='${SHELL} /usr/src/orc/orc/missing autoconf'
AUTOHEADER='${SHELL} /usr/src/orc/orc/missing autoheader'
AUTOMAKE='${SHELL} /usr/src/orc/orc/missing automake-1.13'
AWK='gawk'
CC='gcc'
CCAS='gcc'
CCASDEPMODE='depmode=gcc3'
CCASFLAGS='-g -O2'
CCDEPMODE='depmode=gcc3'
CFLAGS='-g -O2'
CPP='gcc -E'
CPPFLAGS=''
CROSS_COMPILING_FALSE=''
CROSS_COMPILING_TRUE='#'
CYGPATH_W='echo'
DEFS='-DHAVE_CONFIG_H'
DEPDIR='.deps'
DLLTOOL='dlltool'
DSYMUTIL=''
DUMPBIN=''
ECHO_C=''
ECHO_N='-n'
ECHO_T=''
EGREP='/usr/bin/grep -E'
ENABLE_BACKEND_ALTIVEC_FALSE='#'
ENABLE_BACKEND_ALTIVEC_TRUE=''
ENABLE_BACKEND_ARM_FALSE=''
ENABLE_BACKEND_ARM_TRUE='#'
ENABLE_BACKEND_C64X_FALSE='#'
ENABLE_BACKEND_C64X_TRUE=''
ENABLE_BACKEND_MIPS_FALSE='#'
ENABLE_BACKEND_MIPS_TRUE=''
ENABLE_BACKEND_MMX_FALSE='#'
ENABLE_BACKEND_MMX_TRUE=''
ENABLE_BACKEND_NEON_FALSE='#'
ENABLE_BACKEND_NEON_TRUE=''
ENABLE_BACKEND_SSE_FALSE='#'
ENABLE_BACKEND_SSE_TRUE=''
ENABLE_GTK_DOC_FALSE=''
ENABLE_GTK_DOC_TRUE='#'
ERROR_CFLAGS=''
EXEEXT=''
FGREP='/usr/bin/grep -F'
GREP='/usr/bin/grep'
GTKDOC_CHECK='/usr/bin/gtkdoc-check'
GTKDOC_MKPDF='/usr/bin/gtkdoc-mkpdf'
GTKDOC_REBASE='/usr/bin/gtkdoc-rebase'
GTK_DOC_BUILD_HTML_FALSE='#'
GTK_DOC_BUILD_HTML_TRUE=''
GTK_DOC_BUILD_PDF_FALSE=''
GTK_DOC_BUILD_PDF_TRUE='#'
GTK_DOC_USE_LIBTOOL_FALSE='#'
GTK_DOC_USE_LIBTOOL_TRUE=''
GTK_DOC_USE_REBASE_FALSE='#'
GTK_DOC_USE_REBASE_TRUE=''
HAVE_AMD64_FALSE=''
HAVE_AMD64_TRUE='#'
HAVE_ARM_FALSE=''
HAVE_ARM_TRUE='#'
HAVE_I386_FALSE='#'
HAVE_I386_TRUE=''
HAVE_MIPSEL_FALSE=''
HAVE_MIPSEL_TRUE='#'
HAVE_OS_LINUX_FALSE='#'
HAVE_OS_LINUX_TRUE=''
HAVE_OS_WIN32_FALSE=''
HAVE_OS_WIN32_TRUE='#'
HAVE_POWERPC_FALSE=''
HAVE_POWERPC_TRUE='#'
HTML_DIR='${datadir}/gtk-doc/html'
INSTALL_DATA='${INSTALL} -m 644'
INSTALL_PROGRAM='${INSTALL}'
INSTALL_SCRIPT='${INSTALL}'
INSTALL_STRIP_PROGRAM='$(install_sh) -c -s'
LD='/usr/i686-linux-gnu/bin/ld'
LDFLAGS=''
LIBM='-lm'
LIBOBJS=''
LIBRT='-lrt'
LIBS=''
LIBTOOL='$(SHELL) $(top_builddir)/libtool'
LIPO=''
LN_S='ln -s'
LTLIBOBJS=''
MAKEINFO='${SHELL} /usr/src/orc/orc/missing makeinfo'
MANIFEST_TOOL=':'
MKDIR_P='/usr/bin/mkdir -p'
NANO='0'
NM='/usr/bin/nm -B'
NMEDIT=''
OBJDUMP='objdump'
OBJEXT='o'
ORC_CFLAGS=' -Wall $(ERROR_CFLAGS) -I$(top_srcdir)'
ORC_LIBS='$(top_builddir)/orc/liborc-0.4.la -lm -lrt'
ORC_LIBVERSION='17:0:17'
ORC_MAJORMINOR='0.4'
OTOOL64=''
OTOOL=''
PACKAGE='orc'
PACKAGE_BUGREPORT=''
PACKAGE_NAME='orc'
PACKAGE_STRING='orc 0.4.17'
PACKAGE_TARNAME='orc'
PACKAGE_URL=''
PACKAGE_VERSION='0.4.17'
PATH_SEPARATOR=':'
PKG_CONFIG='/usr/bin/pkg-config'
PTHREAD_CFLAGS=''
PTHREAD_LIBS='-lpthread'
RANLIB='ranlib'
SED='/usr/bin/sed'
SET_MAKE=''
SHELL='/bin/sh'
STRIP='strip'
VERSION='0.4.17'
ac_ct_AR='ar'
ac_ct_CC='gcc'
ac_ct_DUMPBIN=''
am__EXEEXT_FALSE=''
am__EXEEXT_TRUE='#'
am__fastdepCCAS_FALSE='#'
am__fastdepCCAS_TRUE=''
am__fastdepCC_FALSE='#'
am__fastdepCC_TRUE=''
am__include='include'
am__isrc=''
am__leading_dot='.'
am__nodep='_no'
am__quote=''
am__tar='$${TAR-tar} chof - "$$tardir"'
am__untar='$${TAR-tar} xf -'
bindir='${exec_prefix}/bin'
build='i686-pc-linux-gnu'
build_alias=''
build_cpu='i686'
build_os='linux-gnu'
build_vendor='pc'
datadir='${datarootdir}'
datarootdir='${prefix}/share'
docdir='${datarootdir}/doc/${PACKAGE_TARNAME}'
dvidir='${docdir}'
exec_prefix='${prefix}'
host='i686-pc-linux-gnu'
host_alias=''
host_cpu='i686'
host_os='linux-gnu'
host_vendor='pc'
htmldir='${docdir}'
includedir='${prefix}/include'
infodir='${datarootdir}/info'
install_sh='${SHELL} /usr/src/orc/orc/install-sh'
libdir='${exec_prefix}/lib'
libexecdir='${exec_prefix}/libexec'
localedir='${datarootdir}/locale'
localstatedir='${prefix}/var'
mandir='${datarootdir}/man'
mkdir_p='$(MKDIR_P)'
oldincludedir='/usr/include'
pdfdir='${docdir}'
pkgconfigdir='$(libdir)/pkgconfig'
prefix='/usr/local'
program_transform_name='s,x,x,'
psdir='${docdir}'
sbindir='${exec_prefix}/sbin'
sharedstatedir='${prefix}/com'
sysconfdir='${prefix}/etc'
target_alias=''

## ----------- ##
## confdefs.h. ##
## ----------- ##

/* confdefs.h */
#define PACKAGE_NAME "orc"
#define PACKAGE_TARNAME "orc"
#define PACKAGE_VERSION "0.4.17"
#define PACKAGE_STRING "orc 0.4.17"
#define PACKAGE_BUGREPORT ""
#define PACKAGE_URL ""
#define PACKAGE "orc"
#define VERSION "0.4.17"
#define STDC_HEADERS 1
#define HAVE_SYS_TYPES_H 1
#define HAVE_SYS_STAT_H 1
#define HAVE_STDLIB_H 1
#define HAVE_STRING_H 1
#define HAVE_MEMORY_H 1
#define HAVE_STRINGS_H 1
#define HAVE_INTTYPES_H 1
#define HAVE_STDINT_H 1
#define HAVE_UNISTD_H 1
#define HAVE_DLFCN_H 1
#define LT_OBJDIR ".libs/"
#define HAVE_POSIX_MEMALIGN 1
#define HAVE_I386 1
#define HAVE_OS_LINUX 1
#define HAVE_STDLIB_H 1
#define HAVE_UNISTD_H 1
#define HAVE_SYS_PARAM_H 1
#define HAVE_GETPAGESIZE 1
#define HAVE_MMAP 1
#define HAVE_INTTYPES_H 1
#define HAVE_SYS_TIME_H 1
#define HAVE_UNISTD_H 1
#define HAVE_GETTIMEOFDAY 1
#define HAVE_SIGACTION 1
#define HAVE_CLOCK_GETTIME 1
#define HAVE_MONOTONIC_CLOCK 1
#define HAVE_CODEMEM_MMAP 1
#define HAVE_THREAD_PTHREAD 1
#define ENABLE_BACKEND_SSE 1
#define ENABLE_BACKEND_MMX 1
#define ENABLE_BACKEND_ALTIVEC 1
#define ENABLE_BACKEND_NEON 1
#define ENABLE_BACKEND_C64X 1
#define ENABLE_BACKEND_MIPS 1
#define ORC_EXPORTS 1

configure: exit 0
